[INFO] 2025-06-19 13:03:54 → ログ初期化完了: log\20250618\20250618.log
[INFO] 2025-06-19 13:03:54 → ============================================================
[INFO] 2025-06-19 13:03:54 → fam8キャンペーンレポート自動集計開始
[INFO] 2025-06-19 13:03:54 → 処理対象日: 20250618
[INFO] 2025-06-19 13:03:54 → デバッグモード: False
[INFO] 2025-06-19 13:03:54 → ============================================================
[INFO] 2025-06-19 13:03:54 → 環境バリデーション開始
[INFO] 2025-06-19 13:03:54 → CSVファイル存在確認:
[INFO] 2025-06-19 13:03:54 →   adult CSV: \\rin\rep\営業本部\プロジェクト\fam\ADN\各ADN進捗表\fam8進捗\キャンペーンレポートCSV\20250618\affiliate_article_2025-06-18_adult.csv
[INFO] 2025-06-19 13:03:54 →   general CSV: \\rin\rep\営業本部\プロジェクト\fam\ADN\各ADN進捗表\fam8進捗\キャンペーンレポートCSV\20250618\affiliate_article_2025-06-18_general.csv
[INFO] 2025-06-19 13:03:54 → CSVファイルサイズ:
[INFO] 2025-06-19 13:03:54 →   adult CSV: 1,294,243 bytes
[INFO] 2025-06-19 13:03:54 →   general CSV: 1,098,495 bytes
[INFO] 2025-06-19 13:03:54 → FilterInput_Csvreport.xlsx確認完了: \\rin\rep\営業本部\プロジェクト\fam\ADN\各ADN進捗表\fam8進捗\FilterInput_Csvreport.xlsx
[INFO] 2025-06-19 13:03:54 → 出力ディレクトリ作成完了: \\rin\rep\営業本部\プロジェクト\fam\ADN\各ADN進捗表\fam8進捗\キャンペーンレポートCSV進捗集計\20250618
[INFO] 2025-06-19 13:03:54 → 環境バリデーション完了
[INFO] 2025-06-19 13:03:54 → CSV統合・集計処理開始
[INFO] 2025-06-19 13:03:54 → CSV統合処理開始
[INFO] 2025-06-19 13:03:54 → adult CSVファイルサイズ: 1,294,243 bytes
[DEBUG] 2025-06-19 13:03:54 → shift_jis読み込み失敗、自動判定に移行
[DEBUG] 2025-06-19 13:03:54 → エンコーディング判定結果: CP932 (信頼度: 0.99)
[INFO] 2025-06-19 13:03:54 → adult CSV エンコーディング: CP932
[INFO] 2025-06-19 13:03:54 → CSV読み込み完了: 7314行 × 19列
[INFO] 2025-06-19 13:03:54 → 実際の列名確認: ['キャンペーングループ', 'ID', 'キャンペーン名', 'サイズ', '設定', '原稿数', 'マージン', 'ステータス', 'Imp', 'Click', 'CTR', 'CV', 'CVR', 'グロス', 'ネット', '利益', 'price', 'CPC(グロス)', 'eCPM(グロス)']
[INFO] 2025-06-19 13:03:54 → === 実際のCSV列構造確認 ===
[INFO] 2025-06-19 13:03:54 →     キャンペーングループ → A列（1番目）
[INFO] 2025-06-19 13:03:54 →     ID → B列（2番目）
[INFO] 2025-06-19 13:03:54 →   ★ キャンペーン名 → C列（3番目）
[INFO] 2025-06-19 13:03:54 →     サイズ → D列（4番目）
[INFO] 2025-06-19 13:03:54 →     設定 → E列（5番目）
[INFO] 2025-06-19 13:03:54 →     原稿数 → F列（6番目）
[INFO] 2025-06-19 13:03:54 →     マージン → G列（7番目）
[INFO] 2025-06-19 13:03:54 →     ステータス → H列（8番目）
[INFO] 2025-06-19 13:03:54 →   ★ Imp → I列（9番目）
[INFO] 2025-06-19 13:03:54 →   ★ Click → J列（10番目）
[INFO] 2025-06-19 13:03:54 →     CTR → K列（11番目）
[INFO] 2025-06-19 13:03:54 →   ★ CV → L列（12番目）
[INFO] 2025-06-19 13:03:54 →     CVR → M列（13番目）
[INFO] 2025-06-19 13:03:54 →   ★ グロス → N列（14番目）
[INFO] 2025-06-19 13:03:54 →   ★ ネット → O列（15番目）
[INFO] 2025-06-19 13:03:54 →     利益 → P列（16番目）
[INFO] 2025-06-19 13:03:54 →     price → Q列（17番目）
[INFO] 2025-06-19 13:03:54 →     CPC(グロス) → R列（18番目）
[INFO] 2025-06-19 13:03:54 →     eCPM(グロス) → S列（19番目）
[INFO] 2025-06-19 13:03:54 → データサンプル（最初の3行）:
[INFO] 2025-06-19 13:03:54 →   行1: ['3135 ニジカレ_アダルト', '15666', '[アダルト]ニジカレレクタングル_ADR[fam_41](認証あり)_動画スクロール2', 'ﾚｸﾀﾝｸﾞﾙ', 'アカテ']
[INFO] 2025-06-19 13:03:54 →   行2: ['3723 [FANZA]にじげんカノジョ_SP_R18_アダルト_ダブルCV', '15807', 'にじげんカノジョ_SP_R18_アダルト_ダブルCV_ブロード_動画スクロール_IOS', 'ﾚｸﾀﾝｸﾞﾙ', 'アカテ']
[INFO] 2025-06-19 13:03:54 →   行3: ['3723 [FANZA]にじげんカノジョ_SP_R18_アダルト_ダブルCV', '15806', 'にじげんカノジョ_SP_R18_アダルト_ダブルCV_ブロード_動画スクロール_ADR', 'ﾚｸﾀﾝｸﾞﾙ', 'アカテ']
[INFO] 2025-06-19 13:03:54 → adult CSV: キャンペーン名列で'[total]'を含む行を1行除外
[INFO] 2025-06-19 13:03:54 → adult CSV クリーニング: 7314行 → 7313行（1行除外）
[INFO] 2025-06-19 13:03:54 → adult CSV処理時間: 0.16秒
[INFO] 2025-06-19 13:03:54 → adult CSV処理完了: 7313行
[INFO] 2025-06-19 13:03:54 → general CSVファイルサイズ: 1,098,495 bytes
[DEBUG] 2025-06-19 13:03:54 → shift_jis読み込み失敗、自動判定に移行
[DEBUG] 2025-06-19 13:03:54 → エンコーディング判定結果: CP932 (信頼度: 0.99)
[INFO] 2025-06-19 13:03:54 → general CSV エンコーディング: CP932
[INFO] 2025-06-19 13:03:54 → CSV読み込み完了: 6111行 × 19列
[INFO] 2025-06-19 13:03:54 → 実際の列名確認: ['キャンペーングループ', 'ID', 'キャンペーン名', 'サイズ', '設定', '原稿数', 'マージン', 'ステータス', 'Imp', 'Click', 'CTR', 'CV', 'CVR', 'グロス', 'ネット', '利益', 'price', 'CPC(グロス)', 'eCPM(グロス)']
[INFO] 2025-06-19 13:03:54 → === 実際のCSV列構造確認 ===
[INFO] 2025-06-19 13:03:54 →     キャンペーングループ → A列（1番目）
[INFO] 2025-06-19 13:03:54 →     ID → B列（2番目）
[INFO] 2025-06-19 13:03:54 →   ★ キャンペーン名 → C列（3番目）
[INFO] 2025-06-19 13:03:54 →     サイズ → D列（4番目）
[INFO] 2025-06-19 13:03:54 →     設定 → E列（5番目）
[INFO] 2025-06-19 13:03:54 →     原稿数 → F列（6番目）
[INFO] 2025-06-19 13:03:54 →     マージン → G列（7番目）
[INFO] 2025-06-19 13:03:54 →     ステータス → H列（8番目）
[INFO] 2025-06-19 13:03:54 →   ★ Imp → I列（9番目）
[INFO] 2025-06-19 13:03:54 →   ★ Click → J列（10番目）
[INFO] 2025-06-19 13:03:54 →     CTR → K列（11番目）
[INFO] 2025-06-19 13:03:54 →   ★ CV → L列（12番目）
[INFO] 2025-06-19 13:03:54 →     CVR → M列（13番目）
[INFO] 2025-06-19 13:03:54 →   ★ グロス → N列（14番目）
[INFO] 2025-06-19 13:03:54 →   ★ ネット → O列（15番目）
[INFO] 2025-06-19 13:03:54 →     利益 → P列（16番目）
[INFO] 2025-06-19 13:03:54 →     price → Q列（17番目）
[INFO] 2025-06-19 13:03:54 →     CPC(グロス) → R列（18番目）
[INFO] 2025-06-19 13:03:54 →     eCPM(グロス) → S列（19番目）
[INFO] 2025-06-19 13:03:54 → データサンプル（最初の3行）:
[INFO] 2025-06-19 13:03:54 →   行1: ['2100 にじげんカノジョ_準一般', '15629', '【新】にじげんカノジョ_準一般_300*250_IOS_動画スクロール_fam146_ファインドバナー', 'ﾚｸﾀﾝｸﾞﾙ', 'カテ']
[INFO] 2025-06-19 13:03:54 →   行2: ['2100 にじげんカノジョ_準一般', '15782', '【新】にじげんカノジョ_準一般_300*250_IOS_動画スクロール_fam153(カスタムLP→キャラ推しLP)__ファインドバナー', 'ﾚｸﾀﾝｸﾞﾙ', 'カテ']
[INFO] 2025-06-19 13:03:54 →   行3: ['2100 にじげんカノジョ_準一般', '15872', '【新】にじげんカノジョ_準一般_300*250_IOS_動画スクロール__fam154(カスタムLP→キャラ推しLP)_ファインドバナー【GW】', 'ﾚｸﾀﾝｸﾞﾙ', 'カテ']
[INFO] 2025-06-19 13:03:54 → general CSV: キャンペーン名列で'[total]'を含む行を1行除外
[INFO] 2025-06-19 13:03:54 → general CSV クリーニング: 6111行 → 6110行（1行除外）
[INFO] 2025-06-19 13:03:54 → general CSV処理時間: 0.08秒
[INFO] 2025-06-19 13:03:54 → general CSV処理完了: 6110行
[INFO] 2025-06-19 13:03:54 → 統合前データ確認:
[INFO] 2025-06-19 13:03:54 →   adult: 7313行 × 19列
[INFO] 2025-06-19 13:03:54 →   general: 6110行 × 19列
[INFO] 2025-06-19 13:03:54 → 列統一後:
[INFO] 2025-06-19 13:03:54 →   adult: 7313行 × 19列
[INFO] 2025-06-19 13:03:54 →   general: 6110行 × 19列
[INFO] 2025-06-19 13:03:54 → 統合データ統計:
[INFO] 2025-06-19 13:03:54 →   総行数: 13,423行
[INFO] 2025-06-19 13:03:54 →   総列数: 19列
[INFO] 2025-06-19 13:03:54 →   最終列構成: ['キャンペーングループ', 'ID', 'キャンペーン名', 'サイズ', '設定', '原稿数', 'マージン', 'ステータス', 'Imp', 'Click', 'CTR', 'CV', 'CVR', 'グロス', 'ネット', '利益', 'price', 'CPC(グロス)', 'eCPM(グロス)']
[INFO] 2025-06-19 13:03:54 → 統合データサンプル（最初の3行、重要列のみ）:
[INFO] 2025-06-19 13:03:54 →   統合行1: {'キャンペーン名': '[アダルト]ニジカレレクタングル_ADR[fam_41](認証あり)_動画スクロール2', 'Imp': '1443038', 'Click': '1471', 'CV': '0', 'グロス': '18789.2', 'ネット': '15021.191'}
[INFO] 2025-06-19 13:03:54 →   統合行2: {'キャンペーン名': 'にじげんカノジョ_SP_R18_アダルト_ダブルCV_ブロード_動画スクロール_IOS', 'Imp': '1887166', 'Click': '1686', 'CV': '21', 'グロス': '17337.100000000002', 'ネット': '13016.235999999999'}
[INFO] 2025-06-19 13:03:54 →   統合行3: {'キャンペーン名': 'にじげんカノジョ_SP_R18_アダルト_ダブルCV_ブロード_動画スクロール_ADR', 'Imp': '706805', 'Click': '2116', 'CV': '9', 'グロス': '14495', 'ネット': '10784.639000000001'}
[INFO] 2025-06-19 13:03:54 →   空値セル: 0個 (0.00%)
[INFO] 2025-06-19 13:03:54 →   Imp列の非空値: 13423行
[INFO] 2025-06-19 13:03:54 →   Click列の非空値: 13423行
[INFO] 2025-06-19 13:03:54 →   CV列の非空値: 13423行
[INFO] 2025-06-19 13:03:54 →   グロス列の非空値: 13423行
[INFO] 2025-06-19 13:03:54 →   ネット列の非空値: 13423行
[INFO] 2025-06-19 13:03:54 → 統合データ検証完了
[INFO] 2025-06-19 13:03:54 → CSV統合完了: 13423行
[INFO] 2025-06-19 13:03:54 → CSV統合完了: 13423行
[INFO] 2025-06-19 13:03:54 → 統合データ詳細:
[INFO] 2025-06-19 13:03:54 →   行数: 13,423行
[INFO] 2025-06-19 13:03:54 →   列数: 19列
[INFO] 2025-06-19 13:03:54 →   列構成: ['キャンペーングループ', 'ID', 'キャンペーン名', 'サイズ', '設定', '原稿数', 'マージン', 'ステータス', 'Imp', 'Click', 'CTR', 'CV', 'CVR', 'グロス', 'ネット', '利益', 'price', 'CPC(グロス)', 'eCPM(グロス)']
[INFO] 2025-06-19 13:03:54 → Excel出力処理開始
[INFO] 2025-06-19 13:03:54 → Excelデータ操作開始
[INFO] 2025-06-19 13:03:55 → CSV貼付処理開始
[INFO] 2025-06-19 13:03:57 → CSV貼付データ確認: 13423行 × 19列
[INFO] 2025-06-19 13:03:57 → CSV列構成: ['キャンペーングループ', 'ID', 'キャンペーン名', 'サイズ', '設定', '原稿数', 'マージン', 'ステータス', 'Imp', 'Click', 'CTR', 'CV', 'CVR', 'グロス', 'ネット', '利益', 'price', 'CPC(グロス)', 'eCPM(グロス)']
[INFO] 2025-06-19 13:03:57 → === CSV列マッピング確認 ===
[INFO] 2025-06-19 13:03:57 →   キャンペーングループ → A列（1番目）
[INFO] 2025-06-19 13:03:57 →   ID → B列（2番目）
[INFO] 2025-06-19 13:03:57 →   キャンペーン名 → C列（3番目）
[INFO] 2025-06-19 13:03:57 →   サイズ → D列（4番目）
[INFO] 2025-06-19 13:03:57 →   設定 → E列（5番目）
[INFO] 2025-06-19 13:03:57 →   原稿数 → F列（6番目）
[INFO] 2025-06-19 13:03:57 →   マージン → G列（7番目）
[INFO] 2025-06-19 13:03:57 →   ステータス → H列（8番目）
[INFO] 2025-06-19 13:03:57 →   Imp → I列（9番目）
[INFO] 2025-06-19 13:03:57 →   Click → J列（10番目）
[INFO] 2025-06-19 13:03:57 →   CTR → K列（11番目）
[INFO] 2025-06-19 13:03:57 →   CV → L列（12番目）
[INFO] 2025-06-19 13:03:57 →   CVR → M列（13番目）
[INFO] 2025-06-19 13:03:57 →   グロス → N列（14番目）
[INFO] 2025-06-19 13:03:57 →   ネット → O列（15番目）
[INFO] 2025-06-19 13:03:57 →   利益 → P列（16番目）
[INFO] 2025-06-19 13:03:57 →   price → Q列（17番目）
[INFO] 2025-06-19 13:03:57 →   CPC(グロス) → R列（18番目）
[INFO] 2025-06-19 13:03:57 →   eCPM(グロス) → S列（19番目）
[INFO] 2025-06-19 13:04:02 → ヘッダー行貼付完了: A1:S1
[INFO] 2025-06-19 13:04:02 → データ貼付予定: 13423行 × 19列（2行目から開始）
[INFO] 2025-06-19 13:04:04 → 一括CSV貼付完了: A2:S13424
[INFO] 2025-06-19 13:04:04 → === CSV貼付結果検証 ===
[INFO] 2025-06-19 13:04:04 → ヘッダー確認: ['キャンペーングループ', 'ID', 'キャンペーン名', 'サイズ', '設定', '原稿数', 'マージン', 'ステータス', 'Imp', 'Click', 'CTR', 'CV', 'CVR', 'グロス', 'ネット', '利益', 'price', 'CPC(グロス)', 'eCPM(グロス)']
[INFO] 2025-06-19 13:04:04 → データ行2: {'キャンペーン名': '[アダルト]ニジカレレクタングル_ADR[fam_41](認証あり)_動画スクロール2', 'Imp': 1443038.0, 'Click': 1471.0, 'CV': 0.0, 'グロス': 18789.2, 'ネット': 15021.191}
[INFO] 2025-06-19 13:04:04 → データ行3: {'キャンペーン名': 'にじげんカノジョ_SP_R18_アダルト_ダブルCV_ブロード_動画スクロール_IOS', 'Imp': 1887166.0, 'Click': 1686.0, 'CV': 21.0, 'グロス': 17337.1, 'ネット': 13016.2359999999}
[INFO] 2025-06-19 13:04:04 → データ行4: {'キャンペーン名': 'にじげんカノジョ_SP_R18_アダルト_ダブルCV_ブロード_動画スクロール_ADR', 'Imp': 706805.0, 'Click': 2116.0, 'CV': 9.0, 'グロス': 14495.0, 'ネット': 10784.639}
[INFO] 2025-06-19 13:04:04 → 貼付結果検証完了
[INFO] 2025-06-19 13:04:05 → 動的関数埋込開始
[INFO] 2025-06-19 13:04:05 → ヘッダー設定完了: 9列
[INFO] 2025-06-19 13:04:05 → CSV抽出シート存在確認: True
[INFO] 2025-06-19 13:04:05 → === CSV列位置検出開始（修正版） ===
[INFO] 2025-06-19 13:04:05 → 検出されたヘッダー全体: ['キャンペーングループ', 'ID', 'キャンペーン名', 'サイズ', '設定', '原稿数', 'マージン', 'ステータス', 'Imp', 'Click', 'CTR', 'CV', 'CVR', 'グロス', 'ネット', '利益', 'price', 'CPC(グロス)', 'eCPM(グロス)', None, None, None, None, None, None]
[INFO] 2025-06-19 13:04:05 → ★ 列位置検出成功: キャンペーン名 → C列（3番目）
[INFO] 2025-06-19 13:04:05 → ★ 列位置検出成功: Imp → I列（9番目）
[INFO] 2025-06-19 13:04:05 → ★ 列位置検出成功: Click → J列（10番目）
[INFO] 2025-06-19 13:04:05 → ★ 列位置検出成功: CV → L列（12番目）
[INFO] 2025-06-19 13:04:05 → ★ 列位置検出成功: グロス → N列（14番目）
[INFO] 2025-06-19 13:04:05 → ★ 列位置検出成功: ネット → O列（15番目）
[INFO] 2025-06-19 13:04:05 → === 最終列位置マッピング ===: {'campaign_name_col': 'C', 'imp_col': 'I', 'click_col': 'J', 'cv_col': 'L', 'gross_col': 'N', 'net_col': 'O'}
[INFO] 2025-06-19 13:04:05 → === 列位置検証開始 ===
[INFO] 2025-06-19 13:04:05 →   campaign_name_col (C列): ヘッダー='キャンペーン名'
[INFO] 2025-06-19 13:04:05 →   imp_col (I列): ヘッダー='Imp'
[INFO] 2025-06-19 13:04:05 →   click_col (J列): ヘッダー='Click'
[INFO] 2025-06-19 13:04:05 →   cv_col (L列): ヘッダー='CV'
[INFO] 2025-06-19 13:04:05 →   gross_col (N列): ヘッダー='グロス'
[INFO] 2025-06-19 13:04:05 →   net_col (O列): ヘッダー='ネット'
[INFO] 2025-06-19 13:04:05 → データ行確認（2行目）:
[INFO] 2025-06-19 13:04:05 →   campaign_name_col (C2): データ='[アダルト]ニジカレレクタングル_ADR[fam_41](認証あり)_動画スクロール2'
[INFO] 2025-06-19 13:04:05 →   imp_col (I2): データ='1443038.0'
[INFO] 2025-06-19 13:04:05 →   click_col (J2): データ='1471.0'
[INFO] 2025-06-19 13:04:05 →   cv_col (L2): データ='0.0'
[INFO] 2025-06-19 13:04:05 →   gross_col (N2): データ='18789.2'
[INFO] 2025-06-19 13:04:05 →   net_col (O2): データ='15021.191'
[INFO] 2025-06-19 13:04:05 → 関数で使用する正確な列位置:
[INFO] 2025-06-19 13:04:05 →   キャンペーン名=C, Imp=I, Click=J
[INFO] 2025-06-19 13:04:05 →   CV=L, グロス=N, ネット=O
[DEBUG] 2025-06-19 13:04:06 → 関数埋込進捗: 1行完了
[DEBUG] 2025-06-19 13:04:12 → 関数埋込進捗: 11行完了
[DEBUG] 2025-06-19 13:04:15 → 関数埋込進捗: 21行完了
[DEBUG] 2025-06-19 13:04:15 → 関数埋込進捗: 31行完了
[DEBUG] 2025-06-19 13:04:15 → 関数埋込進捗: 41行完了
[DEBUG] 2025-06-19 13:04:15 → 関数埋込進捗: 51行完了
[DEBUG] 2025-06-19 13:04:15 → 関数埋込進捗: 61行完了
[DEBUG] 2025-06-19 13:04:15 → 関数埋込進捗: 71行完了
[DEBUG] 2025-06-19 13:04:16 → 関数埋込進捗: 81行完了
[DEBUG] 2025-06-19 13:04:16 → 関数埋込進捗: 91行完了
[INFO] 2025-06-19 13:04:16 → 関数埋込完了: 800個の関数を挿入
[INFO] 2025-06-19 13:04:16 → 関数確認サンプル B2: =IF(A2="", "",
  LET(
    キー, A2,
    検索列, 前日分CSV抽出シート!C:C,
    対象列, 前日分CSV抽出シート!I:I,
    該当値, FILTE...
[INFO] 2025-06-19 13:04:16 → 動的関数埋込完了
[INFO] 2025-06-19 13:04:17 → Excelデータ操作完了
[INFO] 2025-06-19 13:04:17 → Excel書式設定開始
[INFO] 2025-06-19 13:04:17 → ヘッダー書式設定開始
[INFO] 2025-06-19 13:04:17 → ヘッダー書式設定完了
[INFO] 2025-06-19 13:04:17 → CTR/CVR列書式設定開始
[INFO] 2025-06-19 13:04:17 → CTR/CVR列書式設定完了
[INFO] 2025-06-19 13:04:17 → 数値列書式設定開始
[INFO] 2025-06-19 13:04:17 → 数値列書式設定完了
[INFO] 2025-06-19 13:04:17 → 通貨列書式設定開始
[INFO] 2025-06-19 13:04:17 → 通貨列書式設定完了
[INFO] 2025-06-19 13:04:17 → 列幅自動調整開始
[INFO] 2025-06-19 13:04:17 → 列幅自動調整完了
[INFO] 2025-06-19 13:04:17 → グリッド線設定開始
[INFO] 2025-06-19 13:04:17 → グリッド線設定完了: A1:I16
[INFO] 2025-06-19 13:04:17 → Excel書式設定完了
[INFO] 2025-06-19 13:04:20 → ワークブック保存完了: \\rin\rep\営業本部\プロジェクト\fam\ADN\各ADN進捗表\fam8進捗\FilterInput_Csvreport.xlsx
[INFO] 2025-06-19 13:04:20 → Excel出力処理完了
[INFO] 2025-06-19 13:04:20 → ファイル配布開始
[INFO] 2025-06-19 13:04:20 → ファイル配布完了:
[INFO] 2025-06-19 13:04:20 →   元ファイル: \\rin\rep\営業本部\プロジェクト\fam\ADN\各ADN進捗表\fam8進捗\FilterInput_Csvreport.xlsx
[INFO] 2025-06-19 13:04:20 →   配布先: \\rin\rep\営業本部\プロジェクト\fam\ADN\各ADN進捗表\fam8進捗\キャンペーンレポートCSV進捗集計\20250618\csv2report_20250618.xlsx
[INFO] 2025-06-19 13:04:20 → ========================================
[INFO] 2025-06-19 13:04:20 → 処理完了統計
[INFO] 2025-06-19 13:04:20 → 処理時間: 25.96秒
[INFO] 2025-06-19 13:04:20 → メモリ使用量: 109.65MB
[INFO] 2025-06-19 13:04:20 → 処理対象日: 20250618
[INFO] 2025-06-19 13:04:20 → CSV統合行数: 13,423行
[INFO] 2025-06-19 13:04:20 → ========================================
[INFO] 2025-06-19 13:04:20 → ============================================================
[INFO] 2025-06-19 13:04:20 → fam8キャンペーンレポート自動集計完了
[INFO] 2025-06-19 13:04:20 → ============================================================
