[INFO] 2025-06-18 16:35:44 → ログ初期化完了: log\20250617\20250617.log
[INFO] 2025-06-18 16:35:44 → ============================================================
[INFO] 2025-06-18 16:35:44 → fam8キャンペーンレポート自動集計開始
[INFO] 2025-06-18 16:35:44 → 処理対象日: 20250617
[INFO] 2025-06-18 16:35:44 → デバッグモード: False
[INFO] 2025-06-18 16:35:44 → ============================================================
[INFO] 2025-06-18 16:35:44 → 環境バリデーション開始
[INFO] 2025-06-18 16:35:44 → CSVファイル存在確認:
[INFO] 2025-06-18 16:35:44 →   adult CSV: \\rin\rep\営業本部\プロジェクト\fam\ADN\各ADN進捗表\fam8進捗\キャンペーンレポートCSV\20250617\affiliate_article_2025-06-17_adult.csv
[INFO] 2025-06-18 16:35:44 →   general CSV: \\rin\rep\営業本部\プロジェクト\fam\ADN\各ADN進捗表\fam8進捗\キャンペーンレポートCSV\20250617\affiliate_article_2025-06-17_general.csv
[INFO] 2025-06-18 16:35:44 → CSVファイルサイズ:
[INFO] 2025-06-18 16:35:44 →   adult CSV: 1,292,338 bytes
[INFO] 2025-06-18 16:35:44 →   general CSV: 1,094,586 bytes
[INFO] 2025-06-18 16:35:44 → FilterInput_Csvreport.xlsx確認完了: \\rin\rep\営業本部\プロジェクト\fam\ADN\各ADN進捗表\fam8進捗\FilterInput_Csvreport.xlsx
[INFO] 2025-06-18 16:35:44 → 出力ディレクトリ作成完了: \\rin\rep\営業本部\プロジェクト\fam\ADN\各ADN進捗表\fam8進捗\キャンペーンレポートCSV進捗集計\20250617
[INFO] 2025-06-18 16:35:44 → 環境バリデーション完了
[INFO] 2025-06-18 16:35:44 → CSV統合・集計処理開始
[INFO] 2025-06-18 16:35:44 → CSV統合処理開始
[INFO] 2025-06-18 16:35:44 → adult CSVファイルサイズ: 1,292,338 bytes
[DEBUG] 2025-06-18 16:35:44 → shift_jis読み込み失敗、自動判定に移行
[DEBUG] 2025-06-18 16:35:44 → エンコーディング判定結果: CP932 (信頼度: 0.99)
[INFO] 2025-06-18 16:35:44 → adult CSV エンコーディング: CP932
[INFO] 2025-06-18 16:35:44 → CSV読み込み完了: 7304行 × 19列
[INFO] 2025-06-18 16:35:44 → 実際の列名確認: ['キャンペーングループ', 'ID', 'キャンペーン名', 'サイズ', '設定', '原稿数', 'マージン', 'ステータス', 'Imp', 'Click', 'CTR', 'CV', 'CVR', 'グロス', 'ネット', '利益', 'price', 'CPC(グロス)', 'eCPM(グロス)']
[INFO] 2025-06-18 16:35:44 → === 実際のCSV列構造確認 ===
[INFO] 2025-06-18 16:35:44 →     キャンペーングループ → A列（1番目）
[INFO] 2025-06-18 16:35:44 →     ID → B列（2番目）
[INFO] 2025-06-18 16:35:44 →   ★ キャンペーン名 → C列（3番目）
[INFO] 2025-06-18 16:35:44 →     サイズ → D列（4番目）
[INFO] 2025-06-18 16:35:44 →     設定 → E列（5番目）
[INFO] 2025-06-18 16:35:44 →     原稿数 → F列（6番目）
[INFO] 2025-06-18 16:35:44 →     マージン → G列（7番目）
[INFO] 2025-06-18 16:35:44 →     ステータス → H列（8番目）
[INFO] 2025-06-18 16:35:44 →   ★ Imp → I列（9番目）
[INFO] 2025-06-18 16:35:44 →   ★ Click → J列（10番目）
[INFO] 2025-06-18 16:35:44 →     CTR → K列（11番目）
[INFO] 2025-06-18 16:35:44 →   ★ CV → L列（12番目）
[INFO] 2025-06-18 16:35:44 →     CVR → M列（13番目）
[INFO] 2025-06-18 16:35:44 →   ★ グロス → N列（14番目）
[INFO] 2025-06-18 16:35:44 →   ★ ネット → O列（15番目）
[INFO] 2025-06-18 16:35:44 →     利益 → P列（16番目）
[INFO] 2025-06-18 16:35:44 →     price → Q列（17番目）
[INFO] 2025-06-18 16:35:44 →     CPC(グロス) → R列（18番目）
[INFO] 2025-06-18 16:35:44 →     eCPM(グロス) → S列（19番目）
[INFO] 2025-06-18 16:35:44 → データサンプル（最初の3行）:
[INFO] 2025-06-18 16:35:44 →   行1: ['3135 ニジカレ_アダルト', '15666', '[アダルト]ニジカレレクタングル_ADR[fam_41](認証あり)_動画スクロール2', 'ﾚｸﾀﾝｸﾞﾙ', 'アカテ']
[INFO] 2025-06-18 16:35:44 →   行2: ['3723 [FANZA]にじげんカノジョ_SP_R18_アダルト_ダブルCV', '15806', 'にじげんカノジョ_SP_R18_アダルト_ダブルCV_ブロード_動画スクロール_ADR', 'ﾚｸﾀﾝｸﾞﾙ', 'アカテ']
[INFO] 2025-06-18 16:35:44 →   行3: ['3723 [FANZA]にじげんカノジョ_SP_R18_アダルト_ダブルCV', '15807', 'にじげんカノジョ_SP_R18_アダルト_ダブルCV_ブロード_動画スクロール_IOS', 'ﾚｸﾀﾝｸﾞﾙ', 'アカテ']
[INFO] 2025-06-18 16:35:44 → adult CSV: キャンペーン名列で'[total]'を含む行を1行除外
[INFO] 2025-06-18 16:35:44 → adult CSV クリーニング: 7304行 → 7303行（1行除外）
[INFO] 2025-06-18 16:35:44 → adult CSV処理時間: 0.08秒
[INFO] 2025-06-18 16:35:44 → adult CSV処理完了: 7303行
[INFO] 2025-06-18 16:35:44 → general CSVファイルサイズ: 1,094,586 bytes
[DEBUG] 2025-06-18 16:35:44 → shift_jis読み込み失敗、自動判定に移行
[DEBUG] 2025-06-18 16:35:45 → エンコーディング判定結果: CP932 (信頼度: 0.99)
[INFO] 2025-06-18 16:35:45 → general CSV エンコーディング: CP932
[INFO] 2025-06-18 16:35:45 → CSV読み込み完了: 6093行 × 19列
[INFO] 2025-06-18 16:35:45 → 実際の列名確認: ['キャンペーングループ', 'ID', 'キャンペーン名', 'サイズ', '設定', '原稿数', 'マージン', 'ステータス', 'Imp', 'Click', 'CTR', 'CV', 'CVR', 'グロス', 'ネット', '利益', 'price', 'CPC(グロス)', 'eCPM(グロス)']
[INFO] 2025-06-18 16:35:45 → === 実際のCSV列構造確認 ===
[INFO] 2025-06-18 16:35:45 →     キャンペーングループ → A列（1番目）
[INFO] 2025-06-18 16:35:45 →     ID → B列（2番目）
[INFO] 2025-06-18 16:35:45 →   ★ キャンペーン名 → C列（3番目）
[INFO] 2025-06-18 16:35:45 →     サイズ → D列（4番目）
[INFO] 2025-06-18 16:35:45 →     設定 → E列（5番目）
[INFO] 2025-06-18 16:35:45 →     原稿数 → F列（6番目）
[INFO] 2025-06-18 16:35:45 →     マージン → G列（7番目）
[INFO] 2025-06-18 16:35:45 →     ステータス → H列（8番目）
[INFO] 2025-06-18 16:35:45 →   ★ Imp → I列（9番目）
[INFO] 2025-06-18 16:35:45 →   ★ Click → J列（10番目）
[INFO] 2025-06-18 16:35:45 →     CTR → K列（11番目）
[INFO] 2025-06-18 16:35:45 →   ★ CV → L列（12番目）
[INFO] 2025-06-18 16:35:45 →     CVR → M列（13番目）
[INFO] 2025-06-18 16:35:45 →   ★ グロス → N列（14番目）
[INFO] 2025-06-18 16:35:45 →   ★ ネット → O列（15番目）
[INFO] 2025-06-18 16:35:45 →     利益 → P列（16番目）
[INFO] 2025-06-18 16:35:45 →     price → Q列（17番目）
[INFO] 2025-06-18 16:35:45 →     CPC(グロス) → R列（18番目）
[INFO] 2025-06-18 16:35:45 →     eCPM(グロス) → S列（19番目）
[INFO] 2025-06-18 16:35:45 → データサンプル（最初の3行）:
[INFO] 2025-06-18 16:35:45 →   行1: ['2100 にじげんカノジョ_準一般', '15629', '【新】にじげんカノジョ_準一般_300*250_IOS_動画スクロール_fam146_ファインドバナー', 'ﾚｸﾀﾝｸﾞﾙ', 'カテ']
[INFO] 2025-06-18 16:35:45 →   行2: ['2100 にじげんカノジョ_準一般', '15782', '【新】にじげんカノジョ_準一般_300*250_IOS_動画スクロール_fam153(カスタムLP→キャラ推しLP)__ファインドバナー', 'ﾚｸﾀﾝｸﾞﾙ', 'カテ']
[INFO] 2025-06-18 16:35:45 →   行3: ['2100 にじげんカノジョ_準一般', '15630', '【新】にじげんカノジョ_準一般_300*250_ADR_動画スクロール_fam146_ファインドバナー', 'ﾚｸﾀﾝｸﾞﾙ', 'カテ']
[INFO] 2025-06-18 16:35:45 → general CSV: キャンペーン名列で'[total]'を含む行を1行除外
[INFO] 2025-06-18 16:35:45 → general CSV クリーニング: 6093行 → 6092行（1行除外）
[INFO] 2025-06-18 16:35:45 → general CSV処理時間: 0.07秒
[INFO] 2025-06-18 16:35:45 → general CSV処理完了: 6092行
[INFO] 2025-06-18 16:35:45 → 統合前データ確認:
[INFO] 2025-06-18 16:35:45 →   adult: 7303行 × 19列
[INFO] 2025-06-18 16:35:45 →   general: 6092行 × 19列
[INFO] 2025-06-18 16:35:45 → 列統一後:
[INFO] 2025-06-18 16:35:45 →   adult: 7303行 × 19列
[INFO] 2025-06-18 16:35:45 →   general: 6092行 × 19列
[INFO] 2025-06-18 16:35:45 → 統合データ統計:
[INFO] 2025-06-18 16:35:45 →   総行数: 13,395行
[INFO] 2025-06-18 16:35:45 →   総列数: 19列
[INFO] 2025-06-18 16:35:45 →   最終列構成: ['キャンペーングループ', 'ID', 'キャンペーン名', 'サイズ', '設定', '原稿数', 'マージン', 'ステータス', 'Imp', 'Click', 'CTR', 'CV', 'CVR', 'グロス', 'ネット', '利益', 'price', 'CPC(グロス)', 'eCPM(グロス)']
[INFO] 2025-06-18 16:35:45 → 統合データサンプル（最初の3行、重要列のみ）:
[INFO] 2025-06-18 16:35:45 →   統合行1: {'キャンペーン名': '[アダルト]ニジカレレクタングル_ADR[fam_41](認証あり)_動画スクロール2', 'Imp': '1254553', 'Click': '1346', 'CV': '5', 'グロス': '22100.62', 'ネット': '19046.0705'}
[INFO] 2025-06-18 16:35:45 →   統合行2: {'キャンペーン名': 'にじげんカノジョ_SP_R18_アダルト_ダブルCV_ブロード_動画スクロール_ADR', 'Imp': '833391', 'Click': '2392', 'CV': '14', 'グロス': '17045.6', 'ネット': '12760.306999999999'}
[INFO] 2025-06-18 16:35:45 →   統合行3: {'キャンペーン名': 'にじげんカノジョ_SP_R18_アダルト_ダブルCV_ブロード_動画スクロール_IOS', 'Imp': '1336379', 'Click': '1962', 'CV': '14', 'グロス': '16481.800000000003', 'ネット': '13010.094499999997'}
[INFO] 2025-06-18 16:35:45 →   空値セル: 0個 (0.00%)
[INFO] 2025-06-18 16:35:45 →   Imp列の非空値: 13395行
[INFO] 2025-06-18 16:35:45 →   Click列の非空値: 13395行
[INFO] 2025-06-18 16:35:45 →   CV列の非空値: 13395行
[INFO] 2025-06-18 16:35:45 →   グロス列の非空値: 13395行
[INFO] 2025-06-18 16:35:45 →   ネット列の非空値: 13395行
[INFO] 2025-06-18 16:35:45 → 統合データ検証完了
[INFO] 2025-06-18 16:35:45 → CSV統合完了: 13395行
[INFO] 2025-06-18 16:35:45 → CSV統合完了: 13395行
[INFO] 2025-06-18 16:35:45 → 統合データ詳細:
[INFO] 2025-06-18 16:35:45 →   行数: 13,395行
[INFO] 2025-06-18 16:35:45 →   列数: 19列
[INFO] 2025-06-18 16:35:45 →   列構成: ['キャンペーングループ', 'ID', 'キャンペーン名', 'サイズ', '設定', '原稿数', 'マージン', 'ステータス', 'Imp', 'Click', 'CTR', 'CV', 'CVR', 'グロス', 'ネット', '利益', 'price', 'CPC(グロス)', 'eCPM(グロス)']
[INFO] 2025-06-18 16:35:45 → Excel出力処理開始
[INFO] 2025-06-18 16:35:45 → Excelデータ操作開始
[INFO] 2025-06-18 16:35:45 → CSV貼付処理開始
[INFO] 2025-06-18 16:35:45 → CSV貼付データ確認: 13395行 × 19列
[INFO] 2025-06-18 16:35:45 → CSV列構成: ['キャンペーングループ', 'ID', 'キャンペーン名', 'サイズ', '設定', '原稿数', 'マージン', 'ステータス', 'Imp', 'Click', 'CTR', 'CV', 'CVR', 'グロス', 'ネット', '利益', 'price', 'CPC(グロス)', 'eCPM(グロス)']
[INFO] 2025-06-18 16:35:45 → === CSV列マッピング確認 ===
[INFO] 2025-06-18 16:35:45 →   キャンペーングループ → A列（1番目）
[INFO] 2025-06-18 16:35:45 →   ID → B列（2番目）
[INFO] 2025-06-18 16:35:45 →   キャンペーン名 → C列（3番目）
[INFO] 2025-06-18 16:35:45 →   サイズ → D列（4番目）
[INFO] 2025-06-18 16:35:45 →   設定 → E列（5番目）
[INFO] 2025-06-18 16:35:45 →   原稿数 → F列（6番目）
[INFO] 2025-06-18 16:35:45 →   マージン → G列（7番目）
[INFO] 2025-06-18 16:35:45 →   ステータス → H列（8番目）
[INFO] 2025-06-18 16:35:45 →   Imp → I列（9番目）
[INFO] 2025-06-18 16:35:45 →   Click → J列（10番目）
[INFO] 2025-06-18 16:35:45 →   CTR → K列（11番目）
[INFO] 2025-06-18 16:35:45 →   CV → L列（12番目）
[INFO] 2025-06-18 16:35:45 →   CVR → M列（13番目）
[INFO] 2025-06-18 16:35:45 →   グロス → N列（14番目）
[INFO] 2025-06-18 16:35:45 →   ネット → O列（15番目）
[INFO] 2025-06-18 16:35:45 →   利益 → P列（16番目）
[INFO] 2025-06-18 16:35:45 →   price → Q列（17番目）
[INFO] 2025-06-18 16:35:45 →   CPC(グロス) → R列（18番目）
[INFO] 2025-06-18 16:35:45 →   eCPM(グロス) → S列（19番目）
[INFO] 2025-06-18 16:35:45 → ヘッダー行貼付完了: A1:S1
[INFO] 2025-06-18 16:35:45 → データ貼付予定: 13395行 × 19列（2行目から開始）
[INFO] 2025-06-18 16:35:46 → 一括CSV貼付完了: A2:S13396
[INFO] 2025-06-18 16:35:46 → === CSV貼付結果検証 ===
[INFO] 2025-06-18 16:35:46 → ヘッダー確認: ['キャンペーングループ', 'ID', 'キャンペーン名', 'サイズ', '設定', '原稿数', 'マージン', 'ステータス', 'Imp', 'Click', 'CTR', 'CV', 'CVR', 'グロス', 'ネット', '利益', 'price', 'CPC(グロス)', 'eCPM(グロス)']
[INFO] 2025-06-18 16:35:46 → データ行2: {'キャンペーン名': '[アダルト]ニジカレレクタングル_ADR[fam_41](認証あり)_動画スクロール2', 'Imp': 1254553.0, 'Click': 1346.0, 'CV': 5.0, 'グロス': 22100.62, 'ネット': 19046.0705}
[INFO] 2025-06-18 16:35:46 → データ行3: {'キャンペーン名': 'にじげんカノジョ_SP_R18_アダルト_ダブルCV_ブロード_動画スクロール_ADR', 'Imp': 833391.0, 'Click': 2392.0, 'CV': 14.0, 'グロス': 17045.6, 'ネット': 12760.3069999999}
[INFO] 2025-06-18 16:35:46 → データ行4: {'キャンペーン名': 'にじげんカノジョ_SP_R18_アダルト_ダブルCV_ブロード_動画スクロール_IOS', 'Imp': 1336379.0, 'Click': 1962.0, 'CV': 14.0, 'グロス': 16481.8, 'ネット': 13010.0944999999}
[INFO] 2025-06-18 16:35:46 → 貼付結果検証完了
[INFO] 2025-06-18 16:35:47 → 動的関数埋込開始
[INFO] 2025-06-18 16:35:47 → ヘッダー設定完了: 9列
[INFO] 2025-06-18 16:35:47 → CSV抽出シート存在確認: True
[INFO] 2025-06-18 16:35:47 → === CSV列位置検出開始（修正版） ===
[INFO] 2025-06-18 16:35:47 → 検出されたヘッダー全体: ['キャンペーングループ', 'ID', 'キャンペーン名', 'サイズ', '設定', '原稿数', 'マージン', 'ステータス', 'Imp', 'Click', 'CTR', 'CV', 'CVR', 'グロス', 'ネット', '利益', 'price', 'CPC(グロス)', 'eCPM(グロス)', None, None, None, None, None, None]
[INFO] 2025-06-18 16:35:47 → ★ 列位置検出成功: キャンペーン名 → C列（3番目）
[INFO] 2025-06-18 16:35:47 → ★ 列位置検出成功: Imp → I列（9番目）
[INFO] 2025-06-18 16:35:47 → ★ 列位置検出成功: Click → J列（10番目）
[INFO] 2025-06-18 16:35:47 → ★ 列位置検出成功: CV → L列（12番目）
[INFO] 2025-06-18 16:35:47 → ★ 列位置検出成功: グロス → N列（14番目）
[INFO] 2025-06-18 16:35:47 → ★ 列位置検出成功: ネット → O列（15番目）
[INFO] 2025-06-18 16:35:47 → === 最終列位置マッピング ===: {'campaign_name_col': 'C', 'imp_col': 'I', 'click_col': 'J', 'cv_col': 'L', 'gross_col': 'N', 'net_col': 'O'}
[INFO] 2025-06-18 16:35:47 → === 列位置検証開始 ===
[INFO] 2025-06-18 16:35:48 →   campaign_name_col (C列): ヘッダー='キャンペーン名'
[INFO] 2025-06-18 16:35:48 →   imp_col (I列): ヘッダー='Imp'
[INFO] 2025-06-18 16:35:48 →   click_col (J列): ヘッダー='Click'
[INFO] 2025-06-18 16:35:48 →   cv_col (L列): ヘッダー='CV'
[INFO] 2025-06-18 16:35:48 →   gross_col (N列): ヘッダー='グロス'
[INFO] 2025-06-18 16:35:48 →   net_col (O列): ヘッダー='ネット'
[INFO] 2025-06-18 16:35:48 → データ行確認（2行目）:
[INFO] 2025-06-18 16:35:48 →   campaign_name_col (C2): データ='[アダルト]ニジカレレクタングル_ADR[fam_41](認証あり)_動画スクロール2'
[INFO] 2025-06-18 16:35:48 →   imp_col (I2): データ='1254553.0'
[INFO] 2025-06-18 16:35:48 →   click_col (J2): データ='1346.0'
[INFO] 2025-06-18 16:35:48 →   cv_col (L2): データ='5.0'
[INFO] 2025-06-18 16:35:48 →   gross_col (N2): データ='22100.62'
[INFO] 2025-06-18 16:35:48 →   net_col (O2): データ='19046.0705'
[INFO] 2025-06-18 16:35:48 → 関数で使用する正確な列位置:
[INFO] 2025-06-18 16:35:48 →   キャンペーン名=C, Imp=I, Click=J
[INFO] 2025-06-18 16:35:48 →   CV=L, グロス=N, ネット=O
[DEBUG] 2025-06-18 16:35:49 → 関数埋込進捗: 1行完了
[DEBUG] 2025-06-18 16:35:55 → 関数埋込進捗: 11行完了
[DEBUG] 2025-06-18 16:35:56 → 関数埋込進捗: 21行完了
[DEBUG] 2025-06-18 16:35:56 → 関数埋込進捗: 31行完了
[DEBUG] 2025-06-18 16:35:56 → 関数埋込進捗: 41行完了
[DEBUG] 2025-06-18 16:35:56 → 関数埋込進捗: 51行完了
[DEBUG] 2025-06-18 16:35:56 → 関数埋込進捗: 61行完了
[DEBUG] 2025-06-18 16:35:56 → 関数埋込進捗: 71行完了
[DEBUG] 2025-06-18 16:35:57 → 関数埋込進捗: 81行完了
[DEBUG] 2025-06-18 16:35:57 → 関数埋込進捗: 91行完了
[INFO] 2025-06-18 16:35:57 → 関数埋込完了: 800個の関数を挿入
[INFO] 2025-06-18 16:35:57 → 関数確認サンプル B2: =IF(A2="", "",
  LET(
    キー, A2,
    検索列, 前日分CSV抽出シート!C:C,
    対象列, 前日分CSV抽出シート!I:I,
    該当値, FILTE...
[INFO] 2025-06-18 16:35:57 → 動的関数埋込完了
[INFO] 2025-06-18 16:35:58 → Excelデータ操作完了
[INFO] 2025-06-18 16:35:58 → Excel書式設定開始
[INFO] 2025-06-18 16:35:58 → ヘッダー書式設定開始
[INFO] 2025-06-18 16:35:58 → ヘッダー書式設定完了
[INFO] 2025-06-18 16:35:58 → CTR/CVR列書式設定開始
[INFO] 2025-06-18 16:35:58 → CTR/CVR列書式設定完了
[INFO] 2025-06-18 16:35:58 → 数値列書式設定開始
[INFO] 2025-06-18 16:35:58 → 数値列書式設定完了
[INFO] 2025-06-18 16:35:58 → 通貨列書式設定開始
[INFO] 2025-06-18 16:35:58 → 通貨列書式設定完了
[INFO] 2025-06-18 16:35:58 → 列幅自動調整開始
[INFO] 2025-06-18 16:35:58 → 列幅自動調整完了
[INFO] 2025-06-18 16:35:58 → グリッド線設定開始
[INFO] 2025-06-18 16:35:58 → グリッド線設定完了: A1:I13
[INFO] 2025-06-18 16:35:58 → Excel書式設定完了
[INFO] 2025-06-18 16:36:00 → ワークブック保存完了: \\rin\rep\営業本部\プロジェクト\fam\ADN\各ADN進捗表\fam8進捗\FilterInput_Csvreport.xlsx
[INFO] 2025-06-18 16:36:01 → Excel出力処理完了
[INFO] 2025-06-18 16:36:01 → ファイル配布開始
[INFO] 2025-06-18 16:36:01 → ファイル配布完了:
[INFO] 2025-06-18 16:36:01 →   元ファイル: \\rin\rep\営業本部\プロジェクト\fam\ADN\各ADN進捗表\fam8進捗\FilterInput_Csvreport.xlsx
[INFO] 2025-06-18 16:36:01 →   配布先: \\rin\rep\営業本部\プロジェクト\fam\ADN\各ADN進捗表\fam8進捗\キャンペーンレポートCSV進捗集計\20250617\csv2report_20250617.xlsx
[INFO] 2025-06-18 16:36:01 → ========================================
[INFO] 2025-06-18 16:36:01 → 処理完了統計
[INFO] 2025-06-18 16:36:01 → 処理時間: 16.43秒
[INFO] 2025-06-18 16:36:01 → メモリ使用量: 111.68MB
[INFO] 2025-06-18 16:36:01 → 処理対象日: 20250617
[INFO] 2025-06-18 16:36:01 → CSV統合行数: 13,395行
[INFO] 2025-06-18 16:36:01 → ========================================
[INFO] 2025-06-18 16:36:01 → ============================================================
[INFO] 2025-06-18 16:36:01 → fam8キャンペーンレポート自動集計完了
[INFO] 2025-06-18 16:36:01 → ============================================================
